2025-11-09 23:28:01,943 - INFO - Email Configration loaded successfully
2025-11-10 00:23:55,724 - INFO - Run Started
2025-11-10 00:30:39,745 - INFO - Fetching random quote from API...
2025-11-10 00:36:23,485 - INFO - Fetching random quote from API...
2025-11-10 00:36:40,932 - INFO - Fetching random quote from API...
2025-11-10 00:37:00,858 - INFO - Email Configuration loaded successfully
2025-11-10 00:39:28,471 - INFO - Fetching random quote from API...
2025-11-10 00:40:45,653 - INFO - Email Configuration loaded successfully
2025-11-10 00:41:10,678 - INFO - Fetching random quote from API...
2025-11-10 00:41:22,929 - INFO - Fetching random quote from API...
2025-11-10 00:58:58,089 - INFO - Email Configuration loaded successfully
2025-11-10 00:58:58,138 - INFO - Fetching random quote from API...
2025-12-27 16:40:10,802 - INFO - Email configuration loaded successfully
2025-12-27 16:42:47,436 - INFO - Email configuration loaded successfully
2025-12-27 16:45:54,500 - INFO - Fetching random quote from API...
2025-12-27 16:45:57,486 - INFO - Email sent successfully to katechisom072@gmail.com
2025-12-27 16:45:57,486 - INFO - Fetching random quote from API...
2025-12-27 16:46:00,088 - INFO - Email sent successfully to sligoemy@gmail.com
2025-12-27 16:46:00,089 - INFO - Fetching random quote from API...
2025-12-27 16:46:02,846 - INFO - Email sent successfully to adeboladesoyin@gmail.com
2025-12-27 16:46:02,846 - INFO - Fetching random quote from API...
2025-12-27 16:46:05,392 - INFO - Email sent successfully to faruksedik@yahoo.com
2025-12-27 16:46:05,393 - INFO - Fetching random quote from API...
2025-12-27 16:46:07,891 - INFO - Email sent successfully to kabirolawalemohammed@gmail.com
2025-12-27 16:46:07,891 - INFO - Fetching random quote from API...
2025-12-27 16:46:08,652 - WARNING - Error 429
2025-12-27 16:46:08,654 - INFO - Fetching random quote from API...
2025-12-27 16:46:09,324 - WARNING - Error 429
2025-12-27 16:46:09,324 - INFO - Fetching random quote from API...
2025-12-27 16:46:10,002 - WARNING - Error 429
2025-12-27 17:56:13,804 - INFO - Email configuration loaded successfully
2025-12-27 21:51:16,243 - INFO - Email configuration loaded successfully
2025-12-27 21:58:58,259 - INFO - Email configuration loaded successfully
2025-12-27 22:06:28,001 - INFO - Fetching random quote from API...
2025-12-27 22:06:33,088 - INFO - Email sent successfully to katechisom072@gmail.com
2025-12-27 22:06:33,088 - INFO - Fetching random quote from API...
2025-12-27 22:06:36,857 - INFO - Email sent successfully to sligoemy@gmail.com
2025-12-27 22:06:36,857 - INFO - Fetching random quote from API...
2025-12-27 22:06:41,778 - INFO - Email sent successfully to adeboladesoyin@gmail.com
2025-12-27 22:06:41,778 - INFO - Fetching random quote from API...
2025-12-27 22:06:45,639 - INFO - Email sent successfully to faruksedik@yahoo.com
2025-12-27 22:06:45,639 - INFO - Fetching random quote from API...
2025-12-27 22:06:49,212 - INFO - Email sent successfully to kabirolawalemohammed@gmail.com
2025-12-27 22:06:49,212 - INFO - Fetching random quote from API...
2025-12-27 22:06:49,950 - WARNING - Error 429
2025-12-27 22:06:49,953 - INFO - Fetching random quote from API...
2025-12-27 22:06:50,639 - WARNING - Error 429
2025-12-27 22:06:50,639 - INFO - Fetching random quote from API...
2025-12-27 22:06:52,059 - WARNING - Error 429
2025-12-27 22:06:52,061 - INFO - Fetching random quote from API...
2025-12-27 22:06:52,732 - WARNING - Error 429
2025-12-27 22:06:52,732 - INFO - Fetching random quote from API...
2025-12-27 22:06:53,444 - WARNING - Error 429
2025-12-27 22:06:53,444 - INFO - Fetching random quote from API...
2025-12-27 22:06:54,116 - WARNING - Error 429
2025-12-27 22:06:54,116 - INFO - Fetching random quote from API...
2025-12-27 22:06:54,810 - WARNING - Error 429
2025-12-27 22:06:54,811 - INFO - Fetching random quote from API...
2025-12-27 22:06:55,499 - WARNING - Error 429
2025-12-27 22:06:55,500 - INFO - Fetching random quote from API...
2025-12-27 22:06:56,670 - WARNING - Error 429
2025-12-27 22:06:56,672 - INFO - Fetching random quote from API...
2025-12-27 22:06:57,356 - WARNING - Error 429
2025-12-27 22:06:57,357 - INFO - Fetching random quote from API...
2025-12-27 22:06:58,072 - WARNING - Error 429
2025-12-27 22:07:28,088 - INFO - Fetching random quote from API...
2025-12-27 22:07:32,700 - INFO - Email sent successfully to katechisom072@gmail.com
2025-12-27 22:07:32,700 - INFO - Fetching random quote from API...
2025-12-27 22:07:37,285 - INFO - Email sent successfully to sligoemy@gmail.com
2025-12-27 22:07:37,285 - INFO - Fetching random quote from API...
2025-12-27 22:07:41,210 - INFO - Email sent successfully to adeboladesoyin@gmail.com
2025-12-27 22:07:41,210 - INFO - Fetching random quote from API...
2025-12-27 22:07:45,192 - INFO - Email sent successfully to faruksedik@yahoo.com
2025-12-27 22:07:45,192 - INFO - Fetching random quote from API...
2025-12-27 22:07:48,881 - INFO - Email sent successfully to kabirolawalemohammed@gmail.com
2025-12-27 22:07:48,883 - INFO - Fetching random quote from API...
2025-12-27 22:07:49,796 - WARNING - Error 429
2025-12-27 22:07:49,797 - INFO - Fetching random quote from API...
2025-12-27 22:07:50,460 - WARNING - Error 429
2025-12-27 22:07:50,461 - INFO - Fetching random quote from API...
2025-12-27 22:07:51,190 - WARNING - Error 429
2025-12-27 22:07:52,194 - INFO - Fetching random quote from API...
2025-12-27 22:07:52,975 - WARNING - Error 429
2025-12-27 22:07:52,976 - INFO - Fetching random quote from API...
2025-12-27 22:07:53,669 - WARNING - Error 429
2025-12-27 22:07:53,671 - INFO - Fetching random quote from API...
2025-12-27 22:07:54,368 - WARNING - Error 429
2025-12-27 22:07:54,370 - INFO - Fetching random quote from API...
2025-12-27 22:07:55,056 - WARNING - Error 429
2025-12-27 22:07:55,058 - INFO - Fetching random quote from API...
2025-12-27 22:07:55,786 - WARNING - Error 429
2025-12-27 22:07:55,786 - INFO - Fetching random quote from API...
2025-12-27 22:07:56,457 - WARNING - Error 429
2025-12-27 22:07:56,457 - INFO - Fetching random quote from API...
2025-12-27 22:07:57,124 - WARNING - Error 429
2025-12-27 22:07:57,124 - INFO - Fetching random quote from API...
2025-12-27 22:07:57,825 - WARNING - Error 429
2025-12-27 22:07:58,826 - INFO - Fetching random quote from API...
2025-12-27 22:07:59,555 - WARNING - Error 429
2025-12-27 22:07:59,556 - INFO - Fetching random quote from API...
2025-12-27 22:08:00,249 - WARNING - Error 429
2025-12-27 22:08:00,250 - INFO - Fetching random quote from API...
2025-12-27 22:08:00,950 - WARNING - Error 429
2025-12-27 22:08:00,950 - INFO - Fetching random quote from API...
2025-12-27 22:08:01,633 - WARNING - Error 429
2025-12-27 22:08:01,634 - INFO - Fetching random quote from API...
2025-12-27 22:08:02,335 - WARNING - Error 429
2025-12-27 22:08:02,337 - INFO - Fetching random quote from API...
2025-12-27 22:08:03,024 - WARNING - Error 429
2025-12-27 22:08:03,025 - INFO - Fetching random quote from API...
2025-12-27 22:08:03,706 - WARNING - Error 429
2025-12-27 22:08:03,707 - INFO - Fetching random quote from API...
2025-12-27 22:08:04,414 - WARNING - Error 429
2025-12-27 22:08:51,438 - INFO - Fetching random quote from API...
2025-12-27 22:08:52,280 - WARNING - Error 429
2025-12-27 22:08:52,281 - INFO - Fetching random quote from API...
2025-12-27 22:08:52,937 - WARNING - Error 429
2025-12-27 22:08:52,939 - INFO - Fetching random quote from API...
2025-12-27 22:08:53,602 - WARNING - Error 429
2025-12-27 22:08:53,604 - INFO - Fetching random quote from API...
2025-12-27 22:08:54,272 - WARNING - Error 429
2025-12-27 22:08:54,273 - INFO - Fetching random quote from API...
2025-12-27 22:08:54,963 - WARNING - Error 429
2025-12-27 22:08:54,963 - INFO - Fetching random quote from API...
2025-12-27 22:08:55,617 - WARNING - Error 429
2025-12-27 22:08:55,618 - INFO - Fetching random quote from API...
2025-12-27 22:08:56,331 - WARNING - Error 429
2025-12-27 22:08:56,332 - INFO - Fetching random quote from API...
2025-12-27 22:08:57,013 - WARNING - Error 429
2025-12-27 22:08:58,016 - INFO - Fetching random quote from API...
2025-12-27 22:08:58,714 - WARNING - Error 429
2025-12-27 22:08:58,715 - INFO - Fetching random quote from API...
2025-12-27 22:08:59,432 - WARNING - Error 429
2025-12-27 22:08:59,433 - INFO - Fetching random quote from API...
2025-12-27 22:09:00,104 - WARNING - Error 429
2025-12-27 22:09:00,105 - INFO - Fetching random quote from API...
2025-12-27 22:09:00,765 - WARNING - Error 429
2025-12-27 22:09:00,766 - INFO - Fetching random quote from API...
2025-12-27 22:09:01,434 - WARNING - Error 429
2025-12-27 22:09:01,434 - INFO - Fetching random quote from API...
2025-12-27 22:09:02,125 - WARNING - Error 429
2025-12-27 22:09:02,126 - INFO - Fetching random quote from API...
2025-12-27 22:09:02,811 - WARNING - Error 429
2025-12-27 22:09:02,811 - INFO - Fetching random quote from API...
2025-12-27 22:09:03,535 - WARNING - Error 429
2025-12-27 22:09:04,537 - INFO - Fetching random quote from API...
2025-12-27 22:09:05,274 - WARNING - Error 429
2025-12-27 22:09:05,274 - INFO - Fetching random quote from API...
2025-12-27 22:09:06,016 - WARNING - Error 429
2025-12-27 22:09:06,017 - INFO - Fetching random quote from API...
2025-12-27 22:09:06,739 - WARNING - Error 429
2025-12-27 22:09:06,740 - INFO - Fetching random quote from API...
2025-12-27 22:09:07,455 - WARNING - Error 429
2025-12-27 22:09:07,457 - INFO - Fetching random quote from API...
2025-12-27 22:09:08,149 - WARNING - Error 429
2025-12-27 22:09:08,149 - INFO - Fetching random quote from API...
2025-12-27 22:09:08,848 - WARNING - Error 429
2025-12-27 22:09:08,849 - INFO - Fetching random quote from API...
2025-12-27 22:09:09,570 - WARNING - Error 429
2025-12-27 22:09:09,572 - INFO - Fetching random quote from API...
2025-12-27 22:09:10,271 - WARNING - Error 429
2025-12-27 22:09:57,301 - INFO - Fetching random quote from API...
2025-12-27 22:10:01,263 - INFO - Email sent successfully to katechisom072@gmail.com
2025-12-27 22:10:01,263 - INFO - Fetching random quote from API...
2025-12-27 22:10:05,158 - INFO - Email sent successfully to sligoemy@gmail.com
2025-12-27 22:10:05,158 - INFO - Fetching random quote from API...
2025-12-27 22:10:09,710 - INFO - Email sent successfully to adeboladesoyin@gmail.com
2025-12-27 22:10:09,710 - INFO - Fetching random quote from API...
2025-12-27 22:10:13,372 - INFO - Email sent successfully to faruksedik@yahoo.com
2025-12-27 22:10:13,373 - INFO - Fetching random quote from API...
2025-12-27 22:10:18,219 - INFO - Email sent successfully to kabirolawalemohammed@gmail.com
2025-12-27 22:10:18,219 - INFO - Fetching random quote from API...
2025-12-27 22:10:18,931 - WARNING - Error 429
2025-12-27 22:10:18,931 - INFO - Fetching random quote from API...
2025-12-27 22:10:19,584 - WARNING - Error 429
2025-12-27 22:10:19,586 - INFO - Fetching random quote from API...
2025-12-27 22:10:20,297 - WARNING - Error 429
2025-12-27 22:10:21,299 - INFO - Fetching random quote from API...
2025-12-27 22:10:21,990 - WARNING - Error 429
2025-12-27 22:10:21,991 - INFO - Fetching random quote from API...
2025-12-27 22:10:22,675 - WARNING - Error 429
2025-12-27 22:10:22,676 - INFO - Fetching random quote from API...
2025-12-27 22:10:23,366 - WARNING - Error 429
2025-12-27 22:10:23,367 - INFO - Fetching random quote from API...
2025-12-27 22:10:24,046 - WARNING - Error 429
2025-12-27 22:10:24,048 - INFO - Fetching random quote from API...
2025-12-27 22:10:24,710 - WARNING - Error 429
2025-12-27 22:10:24,711 - INFO - Fetching random quote from API...
2025-12-27 22:10:25,384 - WARNING - Error 429
2025-12-27 22:10:25,384 - INFO - Fetching random quote from API...
2025-12-27 22:10:26,082 - WARNING - Error 429
2025-12-27 22:10:26,083 - INFO - Fetching random quote from API...
2025-12-27 22:10:26,789 - WARNING - Error 429
2025-12-27 22:10:26,793 - INFO - Fetching random quote from API...
2025-12-27 22:10:27,461 - WARNING - Error 429
2025-12-27 22:10:27,462 - INFO - Fetching random quote from API...
2025-12-27 22:10:28,174 - WARNING - Error 429
2025-12-27 22:10:28,175 - INFO - Fetching random quote from API...
2025-12-27 22:10:28,861 - WARNING - Error 429
2025-12-27 22:10:28,862 - INFO - Fetching random quote from API...
2025-12-27 22:10:29,547 - WARNING - Error 429
2025-12-27 22:10:29,549 - INFO - Fetching random quote from API...
2025-12-27 22:10:30,267 - WARNING - Error 429
2025-12-27 22:10:30,268 - INFO - Fetching random quote from API...
2025-12-27 22:10:30,941 - WARNING - Error 429
2025-12-27 22:10:30,941 - INFO - Fetching random quote from API...
2025-12-27 22:10:31,647 - WARNING - Error 429
2025-12-27 22:10:31,649 - INFO - Fetching random quote from API...
2025-12-27 22:10:32,359 - WARNING - Error 429
2025-12-27 22:11:20,388 - INFO - Fetching random quote from API...
2025-12-27 22:11:25,702 - INFO - Email sent successfully to katechisom072@gmail.com
2025-12-27 22:11:25,702 - INFO - Fetching random quote from API...
2025-12-27 22:11:30,351 - INFO - Email sent successfully to sligoemy@gmail.com
2025-12-27 22:11:30,353 - INFO - Fetching random quote from API...
2025-12-27 22:11:35,120 - INFO - Email sent successfully to adeboladesoyin@gmail.com
2025-12-27 22:11:35,120 - INFO - Fetching random quote from API...
2025-12-27 22:11:39,780 - INFO - Email sent successfully to faruksedik@yahoo.com
2025-12-27 22:11:39,780 - INFO - Fetching random quote from API...
2025-12-27 22:11:45,635 - INFO - Email sent successfully to kabirolawalemohammed@gmail.com
2025-12-27 22:11:45,635 - INFO - Fetching random quote from API...
2025-12-27 22:11:46,302 - WARNING - Error 429
2025-12-27 22:11:46,303 - INFO - Fetching random quote from API...
2025-12-27 22:11:46,996 - WARNING - Error 429
2025-12-27 22:11:46,997 - INFO - Fetching random quote from API...
2025-12-27 22:11:47,913 - WARNING - Error 429
2025-12-27 22:11:48,915 - INFO - Fetching random quote from API...
2025-12-27 22:11:49,638 - WARNING - Error 429
2025-12-27 22:11:49,639 - INFO - Fetching random quote from API...
2025-12-27 22:11:50,394 - WARNING - Error 429
2025-12-27 22:11:50,394 - INFO - Fetching random quote from API...
2025-12-27 22:11:51,085 - WARNING - Error 429
2025-12-27 22:11:51,087 - INFO - Fetching random quote from API...
2025-12-27 22:11:51,834 - WARNING - Error 429
2025-12-27 22:11:51,836 - INFO - Fetching random quote from API...
2025-12-27 22:11:52,526 - WARNING - Error 429
2025-12-27 22:11:52,527 - INFO - Fetching random quote from API...
2025-12-27 22:11:53,245 - WARNING - Error 429
2025-12-27 22:11:53,247 - INFO - Fetching random quote from API...
2025-12-27 22:11:53,942 - WARNING - Error 429
2025-12-27 22:11:53,942 - INFO - Fetching random quote from API...
2025-12-27 22:11:54,628 - WARNING - Error 429
2025-12-27 22:11:54,632 - INFO - Fetching random quote from API...
2025-12-27 22:11:55,365 - WARNING - Error 429
2025-12-27 22:11:55,367 - INFO - Fetching random quote from API...
2025-12-27 22:11:56,081 - WARNING - Error 429
2025-12-27 22:11:56,081 - INFO - Fetching random quote from API...
2025-12-27 22:11:56,748 - WARNING - Error 429
2025-12-27 22:11:56,749 - INFO - Fetching random quote from API...
2025-12-27 22:11:57,432 - WARNING - Error 429
2025-12-27 22:11:57,432 - INFO - Fetching random quote from API...
2025-12-27 22:11:58,123 - WARNING - Error 429
2025-12-27 22:11:58,123 - INFO - Fetching random quote from API...
2025-12-27 22:11:59,668 - WARNING - Error 429
2025-12-27 22:11:59,670 - INFO - Fetching random quote from API...
2025-12-27 22:12:00,373 - WARNING - Error 429
2025-12-27 22:12:00,374 - INFO - Fetching random quote from API...
2025-12-27 22:12:01,082 - WARNING - Error 429
2025-12-27 22:12:48,113 - INFO - Fetching random quote from API...
2025-12-27 22:12:51,940 - INFO - Email sent successfully to katechisom072@gmail.com
2025-12-27 22:12:51,941 - INFO - Fetching random quote from API...
2025-12-27 22:12:55,994 - INFO - Email sent successfully to sligoemy@gmail.com
2025-12-27 22:12:55,994 - INFO - Fetching random quote from API...
2025-12-27 22:12:59,725 - INFO - Email sent successfully to adeboladesoyin@gmail.com
2025-12-27 22:12:59,726 - INFO - Fetching random quote from API...
2025-12-27 22:13:04,164 - INFO - Email sent successfully to faruksedik@yahoo.com
2025-12-27 22:13:04,164 - INFO - Fetching random quote from API...
2025-12-27 22:13:08,742 - INFO - Email sent successfully to kabirolawalemohammed@gmail.com
2025-12-27 22:13:08,743 - INFO - Fetching random quote from API...
2025-12-27 22:13:09,411 - WARNING - Error 429
2025-12-27 22:13:09,413 - INFO - Fetching random quote from API...
2025-12-27 22:13:10,093 - WARNING - Error 429
2025-12-27 22:13:10,094 - INFO - Fetching random quote from API...
2025-12-27 22:13:10,828 - WARNING - Error 429
2025-12-27 22:13:11,837 - INFO - Fetching random quote from API...
2025-12-27 22:13:12,538 - WARNING - Error 429
2025-12-27 22:13:12,538 - INFO - Fetching random quote from API...
2025-12-27 22:13:13,201 - WARNING - Error 429
2025-12-27 22:13:13,202 - INFO - Fetching random quote from API...
2025-12-27 22:13:13,882 - WARNING - Error 429
2025-12-27 22:13:13,884 - INFO - Fetching random quote from API...
2025-12-27 22:13:14,567 - WARNING - Error 429
2025-12-27 22:13:14,569 - INFO - Fetching random quote from API...
2025-12-27 22:13:15,283 - WARNING - Error 429
2025-12-27 22:13:15,283 - INFO - Fetching random quote from API...
2025-12-27 22:13:15,956 - WARNING - Error 429
2025-12-27 22:13:15,957 - INFO - Fetching random quote from API...
2025-12-27 22:13:17,639 - WARNING - Error 429
2025-12-27 22:13:17,639 - INFO - Fetching random quote from API...
2025-12-27 22:13:18,361 - WARNING - Error 429
2025-12-27 22:13:18,363 - INFO - Fetching random quote from API...
2025-12-27 22:13:19,045 - WARNING - Error 429
2025-12-27 22:13:19,046 - INFO - Fetching random quote from API...
2025-12-27 22:13:19,731 - WARNING - Error 429
2025-12-27 22:13:19,732 - INFO - Fetching random quote from API...
2025-12-27 22:13:20,407 - WARNING - Error 429
2025-12-27 22:13:20,407 - INFO - Fetching random quote from API...
2025-12-27 22:13:21,099 - WARNING - Error 429
2025-12-27 22:13:21,101 - INFO - Fetching random quote from API...
2025-12-27 22:13:21,810 - WARNING - Error 429
2025-12-27 22:13:21,811 - INFO - Fetching random quote from API...
2025-12-27 22:13:22,508 - WARNING - Error 429
2025-12-27 22:13:22,509 - INFO - Fetching random quote from API...
2025-12-27 22:13:23,174 - WARNING - Error 429
2025-12-27 22:13:23,174 - INFO - Fetching random quote from API...
2025-12-27 22:13:23,864 - WARNING - Error 429
2025-12-27 22:14:10,889 - INFO - Fetching random quote from API...
2025-12-27 22:14:16,660 - INFO - Email sent successfully to katechisom072@gmail.com
2025-12-27 22:14:16,660 - INFO - Fetching random quote from API...
2025-12-27 22:14:21,193 - INFO - Email sent successfully to sligoemy@gmail.com
2025-12-27 22:14:21,193 - INFO - Fetching random quote from API...
2025-12-27 22:14:25,333 - INFO - Email sent successfully to adeboladesoyin@gmail.com
2025-12-27 22:14:25,333 - INFO - Fetching random quote from API...
2025-12-27 22:14:29,220 - INFO - Email sent successfully to faruksedik@yahoo.com
2025-12-27 22:14:29,220 - INFO - Fetching random quote from API...
2025-12-27 22:14:33,974 - INFO - Email sent successfully to kabirolawalemohammed@gmail.com
2025-12-27 22:14:33,975 - INFO - Fetching random quote from API...
2025-12-27 22:14:34,669 - WARNING - Error 429
2025-12-27 22:14:34,669 - INFO - Fetching random quote from API...
2025-12-27 22:14:35,383 - WARNING - Error 429
2025-12-27 22:14:35,385 - INFO - Fetching random quote from API...
2025-12-27 22:14:36,061 - WARNING - Error 429
2025-12-27 22:14:37,065 - INFO - Fetching random quote from API...
2025-12-27 22:14:37,740 - WARNING - Error 429
2025-12-27 22:14:37,741 - INFO - Fetching random quote from API...
2025-12-27 22:14:38,456 - WARNING - Error 429
2025-12-27 22:14:38,456 - INFO - Fetching random quote from API...
2025-12-27 22:14:39,169 - WARNING - Error 429
2025-12-27 22:14:39,170 - INFO - Fetching random quote from API...
2025-12-27 22:14:39,863 - WARNING - Error 429
2025-12-27 22:14:39,864 - INFO - Fetching random quote from API...
2025-12-27 22:14:40,554 - WARNING - Error 429
2025-12-27 22:14:40,554 - INFO - Fetching random quote from API...
2025-12-27 22:14:41,228 - WARNING - Error 429
2025-12-27 22:14:41,228 - INFO - Fetching random quote from API...
2025-12-27 22:14:41,899 - WARNING - Error 429
2025-12-27 22:14:41,900 - INFO - Fetching random quote from API...
2025-12-27 22:14:42,562 - WARNING - Error 429
2025-12-27 22:14:42,568 - INFO - Fetching random quote from API...
2025-12-27 22:14:43,250 - WARNING - Error 429
2025-12-27 22:14:43,250 - INFO - Fetching random quote from API...
2025-12-27 22:14:44,046 - WARNING - Error 429
2025-12-27 22:14:44,048 - INFO - Fetching random quote from API...
2025-12-27 22:14:44,758 - WARNING - Error 429
2025-12-27 22:14:44,759 - INFO - Fetching random quote from API...
2025-12-27 22:14:45,436 - WARNING - Error 429
2025-12-27 22:14:45,437 - INFO - Fetching random quote from API...
2025-12-27 22:14:46,153 - WARNING - Error 429
2025-12-27 22:14:46,153 - INFO - Fetching random quote from API...
2025-12-27 22:14:46,860 - WARNING - Error 429
2025-12-27 22:14:46,860 - INFO - Fetching random quote from API...
2025-12-27 22:14:47,564 - WARNING - Error 429
2025-12-27 22:14:47,565 - INFO - Fetching random quote from API...
2025-12-27 22:14:48,275 - WARNING - Error 429
2025-12-27 22:15:36,312 - INFO - Fetching random quote from API...
2025-12-27 22:15:40,256 - INFO - Email sent successfully to katechisom072@gmail.com
2025-12-27 22:15:40,256 - INFO - Fetching random quote from API...
2025-12-27 22:15:45,983 - INFO - Email sent successfully to sligoemy@gmail.com
2025-12-27 22:15:45,984 - INFO - Fetching random quote from API...
2025-12-27 22:15:50,605 - INFO - Email sent successfully to adeboladesoyin@gmail.com
2025-12-27 22:15:50,605 - INFO - Fetching random quote from API...
2025-12-27 22:15:54,320 - INFO - Email sent successfully to faruksedik@yahoo.com
2025-12-27 22:15:54,321 - INFO - Fetching random quote from API...
2025-12-27 22:16:00,792 - INFO - Email sent successfully to kabirolawalemohammed@gmail.com
2025-12-27 22:16:00,792 - INFO - Fetching random quote from API...
2025-12-27 22:16:01,541 - WARNING - Error 429
2025-12-27 22:16:01,541 - INFO - Fetching random quote from API...
2025-12-27 22:16:02,225 - WARNING - Error 429
2025-12-27 22:16:02,227 - INFO - Fetching random quote from API...
2025-12-27 22:16:02,943 - WARNING - Error 429
2025-12-27 22:16:03,946 - INFO - Fetching random quote from API...
2025-12-27 22:16:04,658 - WARNING - Error 429
2025-12-27 22:16:04,659 - INFO - Fetching random quote from API...
2025-12-27 22:16:05,359 - WARNING - Error 429
2025-12-27 22:16:05,361 - INFO - Fetching random quote from API...
2025-12-27 22:16:06,079 - WARNING - Error 429
2025-12-27 22:16:06,080 - INFO - Fetching random quote from API...
2025-12-27 22:16:06,760 - WARNING - Error 429
2025-12-27 22:16:06,761 - INFO - Fetching random quote from API...
2025-12-27 22:16:07,443 - WARNING - Error 429
2025-12-27 22:16:07,445 - INFO - Fetching random quote from API...
2025-12-27 22:16:08,117 - WARNING - Error 429
2025-12-27 22:16:08,118 - INFO - Fetching random quote from API...
2025-12-27 22:16:08,925 - WARNING - Error 429
2025-12-27 22:16:08,927 - INFO - Fetching random quote from API...
2025-12-27 22:16:09,619 - WARNING - Error 429
2025-12-27 22:16:09,620 - INFO - Fetching random quote from API...
2025-12-27 22:16:10,288 - WARNING - Error 429
2025-12-27 22:16:10,289 - INFO - Fetching random quote from API...
2025-12-27 22:16:10,997 - WARNING - Error 429
2025-12-27 22:16:10,999 - INFO - Fetching random quote from API...
2025-12-27 22:16:11,731 - WARNING - Error 429
2025-12-27 22:16:11,731 - INFO - Fetching random quote from API...
2025-12-27 22:16:12,443 - WARNING - Error 429
2025-12-27 22:16:12,444 - INFO - Fetching random quote from API...
2025-12-27 22:16:13,118 - WARNING - Error 429
2025-12-27 22:16:13,118 - INFO - Fetching random quote from API...
2025-12-27 22:16:13,829 - WARNING - Error 429
2025-12-27 22:16:13,830 - INFO - Fetching random quote from API...
2025-12-27 22:16:15,386 - WARNING - Error 429
2025-12-27 22:16:15,388 - INFO - Fetching random quote from API...
2025-12-27 22:16:16,104 - WARNING - Error 429
2025-12-27 22:17:03,140 - INFO - Fetching random quote from API...
2025-12-27 22:17:06,986 - INFO - Email sent successfully to katechisom072@gmail.com
2025-12-27 22:17:06,987 - INFO - Fetching random quote from API...
2025-12-27 22:17:10,817 - INFO - Email sent successfully to sligoemy@gmail.com
2025-12-27 22:17:10,817 - INFO - Fetching random quote from API...
2025-12-27 22:17:14,428 - INFO - Email sent successfully to adeboladesoyin@gmail.com
2025-12-27 22:17:14,428 - INFO - Fetching random quote from API...
2025-12-27 22:17:19,065 - INFO - Email sent successfully to faruksedik@yahoo.com
2025-12-27 22:17:19,065 - INFO - Fetching random quote from API...
2025-12-27 22:17:21,652 - INFO - Email sent successfully to kabirolawalemohammed@gmail.com
2025-12-27 22:17:21,652 - INFO - Fetching random quote from API...
2025-12-27 22:17:22,367 - WARNING - Error 429
2025-12-27 22:17:22,368 - INFO - Fetching random quote from API...
2025-12-27 22:17:23,065 - WARNING - Error 429
2025-12-27 22:17:23,067 - INFO - Fetching random quote from API...
2025-12-27 22:17:23,731 - WARNING - Error 429
2025-12-27 22:17:24,732 - INFO - Fetching random quote from API...
2025-12-27 22:17:25,408 - WARNING - Error 429
2025-12-27 22:17:25,409 - INFO - Fetching random quote from API...
2025-12-27 22:17:26,090 - WARNING - Error 429
2025-12-27 22:17:26,090 - INFO - Fetching random quote from API...
2025-12-27 22:17:26,758 - WARNING - Error 429
2025-12-27 22:17:26,759 - INFO - Fetching random quote from API...
2025-12-27 22:17:27,449 - WARNING - Error 429
2025-12-27 22:17:27,449 - INFO - Fetching random quote from API...
2025-12-27 22:17:28,156 - WARNING - Error 429
2025-12-27 22:17:28,157 - INFO - Fetching random quote from API...
2025-12-27 22:17:28,829 - WARNING - Error 429
2025-12-27 22:17:28,830 - INFO - Fetching random quote from API...
2025-12-27 22:17:29,551 - WARNING - Error 429
2025-12-27 22:17:29,553 - INFO - Fetching random quote from API...
2025-12-27 22:17:30,261 - WARNING - Error 429
2025-12-27 22:17:30,262 - INFO - Fetching random quote from API...
2025-12-27 22:17:30,973 - WARNING - Error 429
2025-12-27 22:17:30,973 - INFO - Fetching random quote from API...
2025-12-27 22:17:31,648 - WARNING - Error 429
2025-12-27 22:17:31,648 - INFO - Fetching random quote from API...
2025-12-27 22:17:32,354 - WARNING - Error 429
2025-12-27 22:17:32,355 - INFO - Fetching random quote from API...
2025-12-27 22:17:33,054 - WARNING - Error 429
2025-12-27 22:17:33,056 - INFO - Fetching random quote from API...
2025-12-27 22:17:33,720 - WARNING - Error 429
2025-12-27 22:17:33,720 - INFO - Fetching random quote from API...
2025-12-27 22:17:34,399 - WARNING - Error 429
2025-12-27 22:17:34,400 - INFO - Fetching random quote from API...
2025-12-27 22:17:35,050 - WARNING - Error 429
2025-12-27 22:17:35,051 - INFO - Fetching random quote from API...
2025-12-27 22:17:35,730 - WARNING - Error 429
